<?xml version="1.0" encoding="UTF-8"?>
<testng-results skipped="0" failed="0" ignored="0" total="1" passed="1">
  <reporter-output>
  </reporter-output>
  <suite name="Default suite" duration-ms="102104" started-at="2018-07-09T10:09:32Z" finished-at="2018-07-09T10:11:14Z">
    <groups>
    </groups>
    <test name="Default test" duration-ms="102104" started-at="2018-07-09T10:09:32Z" finished-at="2018-07-09T10:11:14Z">
      <class name="com.mya.scripts.SubmitMUHApplicationForOrgWithCode">
        <test-method status="PASS" signature="setUp()[pri:0, instance:com.mya.scripts.SubmitMUHApplicationForOrgWithCode@d2e7d9]" name="setUp" is-config="true" duration-ms="7057" started-at="2018-07-09T15:39:25Z" finished-at="2018-07-09T15:39:32Z">
          <reporter-output>
          </reporter-output>
        </test-method> <!-- setUp -->
        <test-method status="PASS" signature="testMUHApplicationForOrgWithCode()[pri:0, instance:com.mya.scripts.SubmitMUHApplicationForOrgWithCode@d2e7d9]" name="testMUHApplicationForOrgWithCode" duration-ms="102017" started-at="2018-07-09T15:39:32Z" finished-at="2018-07-09T15:41:14Z">
          <reporter-output>
          </reporter-output>
        </test-method> <!-- testMUHApplicationForOrgWithCode -->
        <test-method status="PASS" signature="endMethods()[pri:0, instance:com.mya.scripts.SubmitMUHApplicationForOrgWithCode@d2e7d9]" name="endMethods" is-config="true" duration-ms="26" started-at="2018-07-09T15:41:14Z" finished-at="2018-07-09T15:41:14Z">
          <reporter-output>
          </reporter-output>
        </test-method> <!-- endMethods -->
        <test-method status="PASS" signature="afterMainMethod()[pri:0, instance:com.mya.scripts.SubmitMUHApplicationForOrgWithCode@d2e7d9]" name="afterMainMethod" is-config="true" duration-ms="2039" started-at="2018-07-09T15:41:14Z" finished-at="2018-07-09T15:41:16Z">
          <reporter-output>
          </reporter-output>
        </test-method> <!-- afterMainMethod -->
      </class> <!-- com.mya.scripts.SubmitMUHApplicationForOrgWithCode -->
    </test> <!-- Default test -->
  </suite> <!-- Default suite -->
</testng-results>
